app/build/intermediates/manifest_merge_blame_file/debug/manifest-merger-blame-debug-report.txt
1<?xml version="1.0" encoding="utf-8"?>
2<manifest xmlns:android="http://schemas.android.com/apk/res/android"
3    package="com.example.weather"
4    android:versionCode="1"
5    android:versionName="1.0" >
6
7    <uses-sdk
8        android:minSdkVersion="21"
8-->src\main\AndroidManifest.xml
9        android:targetSdkVersion="29" />
9-->src\main\AndroidManifest.xml
10
11    <uses-permission android:name="android.permission.INTERNET" />
11-->src\main\AndroidManifest.xml:5:5-67
11-->src\main\AndroidManifest.xml:5:22-64
12
13    <application
13-->src\main\AndroidManifest.xml:7:5-32:19
14        android:allowBackup="true"
14-->src\main\AndroidManifest.xml:8:9-35
15        android:appComponentFactory="androidx.core.app.CoreComponentFactory"
15-->[androidx.core:core:1.1.0] AndroidManifest.xml:24:18-86
16        android:debuggable="true"
17        android:icon="@mipmap/ic_launcher"
17-->src\main\AndroidManifest.xml:9:9-43
18        android:label="@string/app_name"
18-->src\main\AndroidManifest.xml:10:9-41
19        android:roundIcon="@mipmap/ic_launcher_round"
19-->src\main\AndroidManifest.xml:11:9-54
20        android:supportsRtl="true"
20-->src\main\AndroidManifest.xml:12:9-35
21        android:testOnly="true"
22        android:theme="@style/AppTheme" >
22-->src\main\AndroidManifest.xml:13:9-40
23        <activity android:name="com.example.weather.SettingsActivity" />
23-->src\main\AndroidManifest.xml:14:9-63
23-->src\main\AndroidManifest.xml:14:19-51
24        <activity
24-->src\main\AndroidManifest.xml:15:9-25:20
25            android:name="com.example.weather.MainActivity"
25-->src\main\AndroidManifest.xml:16:13-41
26            android:label="@string/app_name"
26-->src\main\AndroidManifest.xml:17:13-45
27            android:screenOrientation="portrait"
27-->src\main\AndroidManifest.xml:19:13-49
28            android:theme="@style/AppTheme.NoActionBar" >
28-->src\main\AndroidManifest.xml:18:13-56
29            <intent-filter>
29-->src\main\AndroidManifest.xml:20:13-24:29
30                <action android:name="android.intent.action.MAIN" />
30-->src\main\AndroidManifest.xml:21:17-69
30-->src\main\AndroidManifest.xml:21:25-66
31
32                <category android:name="android.intent.category.LAUNCHER" />
32-->src\main\AndroidManifest.xml:23:17-77
32-->src\main\AndroidManifest.xml:23:27-74
33            </intent-filter>
34        </activity>
35        <activity
35-->src\main\AndroidManifest.xml:26:9-27:52
36            android:name="com.example.weather.HistoryActivity"
36-->src\main\AndroidManifest.xml:26:19-50
37            android:screenOrientation="portrait" />
37-->src\main\AndroidManifest.xml:27:13-49
38        <activity
38-->src\main\AndroidManifest.xml:28:9-29:52
39            android:name="com.example.weather.CitiesActivity"
39-->src\main\AndroidManifest.xml:28:19-49
40            android:screenOrientation="portrait" />
40-->src\main\AndroidManifest.xml:29:13-49
41        <activity
41-->src\main\AndroidManifest.xml:30:9-31:52
42            android:name="com.example.weather.AddActivity"
42-->src\main\AndroidManifest.xml:30:19-46
43            android:screenOrientation="portrait" />
43-->src\main\AndroidManifest.xml:31:13-49
44
45        <provider
45-->[androidx.lifecycle:lifecycle-process:2.2.0] AndroidManifest.xml:25:9-29:43
46            android:name="androidx.lifecycle.ProcessLifecycleOwnerInitializer"
46-->[androidx.lifecycle:lifecycle-process:2.2.0] AndroidManifest.xml:26:13-79
47            android:authorities="com.example.weather.lifecycle-process"
47-->[androidx.lifecycle:lifecycle-process:2.2.0] AndroidManifest.xml:27:13-69
48            android:exported="false"
48-->[androidx.lifecycle:lifecycle-process:2.2.0] AndroidManifest.xml:28:13-37
49            android:multiprocess="true" />
49-->[androidx.lifecycle:lifecycle-process:2.2.0] AndroidManifest.xml:29:13-40
50    </application>
51
52</manifest>